/*C12*/SET SCHEMA PUBLIC
DELETE FROM USERS WHERE USER_NAME='Paolo'
INSERT INTO USERS VALUES('Paolo','2020-04-05 17:30:03.853000','pistache')
COMMIT
DELETE FROM USERS WHERE USER_NAME='Clemence'
INSERT INTO USERS VALUES('Clemence','2020-04-05 17:30:03.853000','pommepoire')
COMMIT
DELETE FROM USERS WHERE USER_NAME='superFan'
INSERT INTO USERS VALUES('superFan','2020-04-05 17:30:03.853000','LoveYou')
COMMIT
DISCONNECT
/*C13*/SET SCHEMA PUBLIC
DISCONNECT
/*C14*/SET SCHEMA PUBLIC
DISCONNECT
/*C15*/SET SCHEMA PUBLIC
DISCONNECT
/*C16*/SET SCHEMA PUBLIC
DISCONNECT
/*C17*/SET SCHEMA PUBLIC
DISCONNECT
/*C18*/SET SCHEMA PUBLIC
DISCONNECT
/*C19*/SET SCHEMA PUBLIC
DISCONNECT
/*C20*/SET SCHEMA PUBLIC
DISCONNECT
/*C21*/SET SCHEMA PUBLIC
DISCONNECT
